# JRE version: Java(TM) SE Runtime Environment (17.0.10+11) (build 17.0.10+11-LTS-240)
# Java VM: Java HotSpot(TM) 64-Bit Server VM (17.0.10+11-LTS-240, mixed mode, sharing, tiered, compressed oops, compressed class ptrs, g1 gc, windows-amd64)
GC Precious Log:
 CPUs: 12 total, 12 available
 Memory: 7541M
 Large Page Support: Disabled
 NUMA Support: Disabled
 Compressed Oops: Enabled (32-bit)
 Heap Region Size: 1M
 Heap Min Capacity: 8M
 Heap Initial Capacity: 118M
 Heap Max Capacity: 1886M
 Pre-touch: Disabled
 Parallel Workers: 10
 Concurrent Workers: 3
 Concurrent Refinement Workers: 10
 Periodic GC: Disabled
Heap:
 garbage-first heap   total 122880K, used 98252K [0x000000008a200000, 0x0000000100000000)
  region size 1024K, 42 young (43008K), 1 survivors (1024K)
 Metaspace       used 98489K, committed 99072K, reserved 1179648K
  class space    used 12405K, committed 12672K, reserved 1048576K
GC Heap History (20 events):
Event: 8079.318 GC heap before
{Heap before GC invocations=126 (full 0):
 garbage-first heap   total 122880K, used 107813K [0x000000008a200000, 0x0000000100000000)
  region size 1024K, 50 young (51200K), 1 survivors (1024K)
 Metaspace       used 98323K, committed 98880K, reserved 1179648K
  class space    used 12396K, committed 12672K, reserved 1048576K
}
Event: 8079.332 GC heap after
{Heap after GC invocations=127 (full 0):
 garbage-first heap   total 122880K, used 57660K [0x000000008a200000, 0x0000000100000000)
  region size 1024K, 1 young (1024K), 1 survivors (1024K)
 Metaspace       used 98323K, committed 98880K, reserved 1179648K
  class space    used 12396K, committed 12672K, reserved 1048576K
}
Event: 8259.735 GC heap before
{Heap before GC invocations=128 (full 0):
 garbage-first heap   total 122880K, used 107836K [0x000000008a200000, 0x0000000100000000)
  region size 1024K, 50 young (51200K), 1 survivors (1024K)
 Metaspace       used 98326K, committed 98880K, reserved 1179648K
  class space    used 12396K, committed 12672K, reserved 1048576K
}
Event: 8259.737 GC heap after
{Heap after GC invocations=129 (full 0):
 garbage-first heap   total 122880K, used 57642K [0x000000008a200000, 0x0000000100000000)
  region size 1024K, 1 young (1024K), 1 survivors (1024K)
 Metaspace       used 98326K, committed 98880K, reserved 1179648K
  class space    used 12396K, committed 12672K, reserved 1048576K
}
Event: 8278.148 GC heap before
{Heap before GC invocations=129 (full 0):
 garbage-first heap   total 122880K, used 62762K [0x000000008a200000, 0x0000000100000000)
  region size 1024K, 6 young (6144K), 1 survivors (1024K)
 Metaspace       used 98326K, committed 98880K, reserved 1179648K
  class space    used 12396K, committed 12672K, reserved 1048576K
}
Event: 8278.152 GC heap after
{Heap after GC invocations=130 (full 0):
 garbage-first heap   total 122880K, used 57285K [0x000000008a200000, 0x0000000100000000)
  region size 1024K, 1 young (1024K), 1 survivors (1024K)
 Metaspace       used 98326K, committed 98880K, reserved 1179648K
  class space    used 12396K, committed 12672K, reserved 1048576K
}
Event: 8458.079 GC heap before
{Heap before GC invocations=130 (full 0):
 garbage-first heap   total 122880K, used 107461K [0x000000008a200000, 0x0000000100000000)
  region size 1024K, 50 young (51200K), 1 survivors (1024K)
 Metaspace       used 98326K, committed 98880K, reserved 1179648K
  class space    used 12396K, committed 12672K, reserved 1048576K
}
Event: 8458.080 GC heap after
{Heap after GC invocations=131 (full 0):
 garbage-first heap   total 122880K, used 57225K [0x000000008a200000, 0x0000000100000000)
  region size 1024K, 1 young (1024K), 1 survivors (1024K)
 Metaspace       used 98326K, committed 98880K, reserved 1179648K
  class space    used 12396K, committed 12672K, reserved 1048576K
}
Event: 8641.555 GC heap before
{Heap before GC invocations=132 (full 0):
 garbage-first heap   total 122880K, used 108425K [0x000000008a200000, 0x0000000100000000)
  region size 1024K, 51 young (52224K), 1 survivors (1024K)
 Metaspace       used 98333K, committed 98880K, reserved 1179648K
  class space    used 12396K, committed 12672K, reserved 1048576K
}
Event: 8641.558 GC heap after
{Heap after GC invocations=133 (full 0):
 garbage-first heap   total 122880K, used 57273K [0x000000008a200000, 0x0000000100000000)
  region size 1024K, 1 young (1024K), 1 survivors (1024K)
 Metaspace       used 98333K, committed 98880K, reserved 1179648K
  class space    used 12396K, committed 12672K, reserved 1048576K
}
Event: 8659.965 GC heap before
{Heap before GC invocations=133 (full 0):
 garbage-first heap   total 122880K, used 62393K [0x000000008a200000, 0x0000000100000000)
  region size 1024K, 6 young (6144K), 1 survivors (1024K)
 Metaspace       used 98333K, committed 98880K, reserved 1179648K
  class space    used 12396K, committed 12672K, reserved 1048576K
}
Event: 8659.980 GC heap after
{Heap after GC invocations=134 (full 0):
 garbage-first heap   total 122880K, used 57039K [0x000000008a200000, 0x0000000100000000)
  region size 1024K, 1 young (1024K), 1 survivors (1024K)
 Metaspace       used 98333K, committed 98880K, reserved 1179648K
  class space    used 12396K, committed 12672K, reserved 1048576K
}
Event: 8844.065 GC heap before
{Heap before GC invocations=134 (full 0):
 garbage-first heap   total 122880K, used 108239K [0x000000008a200000, 0x0000000100000000)
  region size 1024K, 51 young (52224K), 1 survivors (1024K)
 Metaspace       used 98333K, committed 98880K, reserved 1179648K
  class space    used 12396K, committed 12672K, reserved 1048576K
}
Event: 8844.067 GC heap after
{Heap after GC invocations=135 (full 0):
 garbage-first heap   total 122880K, used 57029K [0x000000008a200000, 0x0000000100000000)
  region size 1024K, 1 young (1024K), 1 survivors (1024K)
 Metaspace       used 98333K, committed 98880K, reserved 1179648K
  class space    used 12396K, committed 12672K, reserved 1048576K
}
Event: 9005.808 GC heap before
{Heap before GC invocations=136 (full 0):
 garbage-first heap   total 122880K, used 108229K [0x000000008a200000, 0x0000000100000000)
  region size 1024K, 51 young (52224K), 1 survivors (1024K)
 Metaspace       used 98395K, committed 98944K, reserved 1179648K
  class space    used 12398K, committed 12672K, reserved 1048576K
}
Event: 9005.814 GC heap after
{Heap after GC invocations=137 (full 0):
 garbage-first heap   total 122880K, used 58158K [0x000000008a200000, 0x0000000100000000)
  region size 1024K, 2 young (2048K), 2 survivors (2048K)
 Metaspace       used 98395K, committed 98944K, reserved 1179648K
  class space    used 12398K, committed 12672K, reserved 1048576K
}
Event: 9020.580 GC heap before
{Heap before GC invocations=137 (full 0):
 garbage-first heap   total 122880K, used 62254K [0x000000008a200000, 0x0000000100000000)
  region size 1024K, 6 young (6144K), 2 survivors (2048K)
 Metaspace       used 98395K, committed 98944K, reserved 1179648K
  class space    used 12398K, committed 12672K, reserved 1048576K
}
Event: 9020.594 GC heap after
{Heap after GC invocations=138 (full 0):
 garbage-first heap   total 122880K, used 58062K [0x000000008a200000, 0x0000000100000000)
  region size 1024K, 1 young (1024K), 1 survivors (1024K)
 Metaspace       used 98395K, committed 98944K, reserved 1179648K
  class space    used 12398K, committed 12672K, reserved 1048576K
}
Event: 9192.371 GC heap before
{Heap before GC invocations=138 (full 0):
 garbage-first heap   total 122880K, used 107214K [0x000000008a200000, 0x0000000100000000)
  region size 1024K, 49 young (50176K), 1 survivors (1024K)
 Metaspace       used 98400K, committed 98944K, reserved 1179648K
  class space    used 12398K, committed 12672K, reserved 1048576K
}
Event: 9192.373 GC heap after
{Heap after GC invocations=139 (full 0):
 garbage-first heap   total 122880K, used 58316K [0x000000008a200000, 0x0000000100000000)
  region size 1024K, 1 young (1024K), 1 survivors (1024K)
 Metaspace       used 98400K, committed 98944K, reserved 1179648K
  class space    used 12398K, committed 12672K, reserved 1048576K
}

